<?xml version="1.0" encoding="UTF-8"?>
<!-- Generated by org.testng.reporters.JUnitReportReporter -->
<testsuite hostname="NOI1-CIS254" name="test.TestInheritance" tests="1" failures="0" timestamp="3 Jan 2015 14:34:47 GMT" time="0.010" errors="0">
  <testcase name="testInheritance1" time="0.010" classname="test.TestInheritance"/>
</testsuite> <!-- test.TestInheritance -->
